Using pre-set license
Built from '2020.2/release' branch; Version is '2020.2.1f1 (270dd8c3da1c) revision 2559448'; Using compiler version '192528614'; Build Type 'Release'
OS: 'Windows 10  (10.0.0) 64bit' Language: 'en' Physical Memory: 16332 MB
BatchMode: 1, IsHumanControllingUs: 0, StartBugReporterOnCrash: 0, Is64bit: 1, IsPro: 0

 COMMAND LINE ARGUMENTS:
C:\Program Files\Unity\Hub\Editor\2020.2.1f1\Editor\Unity.exe
-adb2
-batchMode
-noUpm
-name
AssetImportWorker0
-projectPath
C:/Users/giuse/Documents/CS 135/CS135_Project
-logFile
Logs/AssetImportWorker0.log
-srvPort
54786
Successfully changed project path to: C:/Users/giuse/Documents/CS 135/CS135_Project
C:/Users/giuse/Documents/CS 135/CS135_Project
Using Asset Import Pipeline V2.
Refreshing native plugins compatible for Editor in 35.42 ms, found 0 plugins.
Preloading 0 native plugins for Editor in 0.00 ms.
Initialize engine version: 2020.2.1f1 (270dd8c3da1c)
[Subsystems] Discovering subsystems at path C:/Program Files/Unity/Hub/Editor/2020.2.1f1/Editor/Data/Resources/UnitySubsystems
[Subsystems] Discovering subsystems at path C:/Users/giuse/Documents/CS 135/CS135_Project/Assets
GfxDevice: creating device client; threaded=0
Direct3D:
    Version:  Direct3D 11.0 [level 11.1]
    Renderer: NVIDIA GeForce RTX 2080 SUPER (ID=0x1e81)
    Vendor:   
    VRAM:     8010 MB
    Driver:   27.21.14.6089
Initialize mono
Mono path[0] = 'C:/Program Files/Unity/Hub/Editor/2020.2.1f1/Editor/Data/Managed'
Mono path[1] = 'C:/Program Files/Unity/Hub/Editor/2020.2.1f1/Editor/Data/MonoBleedingEdge/lib/mono/unityjit'
Mono config path = 'C:/Program Files/Unity/Hub/Editor/2020.2.1f1/Editor/Data/MonoBleedingEdge/etc'
Using monoOptions --debugger-agent=transport=dt_socket,embedding=1,server=y,suspend=n,address=127.0.0.1:56216
Begin MonoManager ReloadAssembly
Registering precompiled unity dll's ...
Register platform support module: C:/Program Files/Unity/Hub/Editor/2020.2.1f1/Editor/Data/PlaybackEngines/WebGLSupport/UnityEditor.WebGL.Extensions.dll
Register platform support module: C:/Program Files/Unity/Hub/Editor/2020.2.1f1/Editor/Data/PlaybackEngines/MacStandaloneSupport/UnityEditor.OSXStandalone.Extensions.dll
Register platform support module: C:/Program Files/Unity/Hub/Editor/2020.2.1f1/Editor/Data/PlaybackEngines/WindowsStandaloneSupport/UnityEditor.WindowsStandalone.Extensions.dll
Registered in 0.002237 seconds.
Native extension for WindowsStandalone target not found
Native extension for OSXStandalone target not found
Native extension for WebGL target not found
Refreshing native plugins compatible for Editor in 33.78 ms, found 0 plugins.
Preloading 0 native plugins for Editor in 0.00 ms.
Invoked RoslynAnalysisRunner static constructor.
RoslynAnalysisRunner will not be running.
RoslynAnalysisRunner has terminated.
Mono: successfully reloaded assembly
- Completed reload, in  0.987 seconds
Platform modules already initialized, skipping
Registering precompiled user dll's ...
Registered in 0.000947 seconds.
Begin MonoManager ReloadAssembly
Native extension for WindowsStandalone target not found
Native extension for OSXStandalone target not found
Native extension for WebGL target not found
Refreshing native plugins compatible for Editor in 0.46 ms, found 0 plugins.
Preloading 0 native plugins for Editor in 0.00 ms.
Invoked RoslynAnalysisRunner static constructor.
RoslynAnalysisRunner will not be running.
RoslynAnalysisRunner has terminated.
Mono: successfully reloaded assembly
- Completed reload, in  0.774 seconds
Platform modules already initialized, skipping
========================================================================
Worker process is ready to serve import requests
Launched and connected shader compiler UnityShaderCompiler.exe after 0.02 seconds
Refreshing native plugins compatible for Editor in 0.48 ms, found 0 plugins.
Preloading 0 native plugins for Editor in 0.00 ms.
Unloading 1620 Unused Serialized files (Serialized files now loaded: 0)
System memory in use before: 93.4 MB.
System memory in use after: 93.0 MB.

Unloading 74 unused Assets to reduce memory usage. Loaded Objects now: 2076.
Total: 3.324600 ms (FindLiveObjects: 0.557100 ms CreateObjectMapping: 0.067700 ms MarkObjects: 2.225900 ms  DeleteObjects: 0.472200 ms)

========================================================================
Received Import Request.
  path: Assets/Standard Assets/CrossPlatformInput/Prefabs/MobileTiltControlRig.prefab
  artifactKey: Guid(999388b68bb99b44099461bfbed94358) Importer(815301076,1909f56bfc062723c751e8b465ee728b)
Start importing Assets/Standard Assets/CrossPlatformInput/Prefabs/MobileTiltControlRig.prefab using Guid(999388b68bb99b44099461bfbed94358) Importer(815301076,1909f56bfc062723c751e8b465ee728b)  -> (artifact id: '03b90bb9a4ff397ea832830270d9f582') in 0.036082 seconds
  Import took 0.039505 seconds .

========================================================================
Received Import Request.
  Time since last request: 0.000381 seconds.
  path: Assets/SampleScenes/Menu/Sprites/MenuCornerTopRightSprite.png
  artifactKey: Guid(2b592d40fd47980478920e3ed65b0985) Importer(815301076,1909f56bfc062723c751e8b465ee728b)
Start importing Assets/SampleScenes/Menu/Sprites/MenuCornerTopRightSprite.png using Guid(2b592d40fd47980478920e3ed65b0985) Importer(815301076,1909f56bfc062723c751e8b465ee728b)  -> (artifact id: '214a2690f369d2e4c6c641bf500bfd3a') in 0.091710 seconds
  Import took 0.094873 seconds .

========================================================================
Received Import Request.
  Time since last request: 0.000170 seconds.
  path: Assets/Standard Assets/Environment/SpeedTree/Conifer/ConiferBark_Normal.tga
  artifactKey: Guid(2b46b029d8dc37049aebb484e79998ff) Importer(815301076,1909f56bfc062723c751e8b465ee728b)
Start importing Assets/Standard Assets/Environment/SpeedTree/Conifer/ConiferBark_Normal.tga using Guid(2b46b029d8dc37049aebb484e79998ff) Importer(815301076,1909f56bfc062723c751e8b465ee728b)  -> (artifact id: 'e6d3c16b524e13adb4e63deeaa095d12') in 0.022759 seconds
  Import took 0.026061 seconds .

========================================================================
Received Import Request.
  Time since last request: 0.000224 seconds.
  path: Assets/Standard Assets/Utility/Prefabs/FramerateCounter.prefab
  artifactKey: Guid(81154777d5417884981849c5243f6c01) Importer(815301076,1909f56bfc062723c751e8b465ee728b)
Start importing Assets/Standard Assets/Utility/Prefabs/FramerateCounter.prefab using Guid(81154777d5417884981849c5243f6c01) Importer(815301076,1909f56bfc062723c751e8b465ee728b)  -> (artifact id: '810e464b25edbd4899539129889de8b3') in 0.020339 seconds
  Import took 0.023531 seconds .

========================================================================
Received Import Request.
  Time since last request: 0.000157 seconds.
  path: Assets/Standard Assets/Environment/SpeedTree/Conifer/Conifer_Desktop_Atlas.tga
  artifactKey: Guid(ea9799c461d3f6e4eb0be2264829282d) Importer(815301076,1909f56bfc062723c751e8b465ee728b)
Start importing Assets/Standard Assets/Environment/SpeedTree/Conifer/Conifer_Desktop_Atlas.tga using Guid(ea9799c461d3f6e4eb0be2264829282d) Importer(815301076,1909f56bfc062723c751e8b465ee728b)  -> (artifact id: 'f160a723d4e6af6dbfb938c86a85609c') in 0.024253 seconds
  Import took 0.026928 seconds .

========================================================================
Received Import Request.
  Time since last request: 0.000196 seconds.
  path: Assets/Standard Assets/Environment/SpeedTree/Conifer/ConiferBark.tga
  artifactKey: Guid(9654cfdd87d7daf429b8931c28d7a93c) Importer(815301076,1909f56bfc062723c751e8b465ee728b)
Start importing Assets/Standard Assets/Environment/SpeedTree/Conifer/ConiferBark.tga using Guid(9654cfdd87d7daf429b8931c28d7a93c) Importer(815301076,1909f56bfc062723c751e8b465ee728b)  -> (artifact id: 'b2e3109890be33387b635dd276eea099') in 0.021609 seconds
  Import took 0.024829 seconds .

========================================================================
Received Import Request.
  Time since last request: 0.000158 seconds.
  path: Assets/Standard Assets/Effects/LightCookies/Textures/LightSoftCookie.tif
  artifactKey: Guid(8caa437b19957a045866b84c6218a0db) Importer(815301076,1909f56bfc062723c751e8b465ee728b)
Start importing Assets/Standard Assets/Effects/LightCookies/Textures/LightSoftCookie.tif using Guid(8caa437b19957a045866b84c6218a0db) Importer(815301076,1909f56bfc062723c751e8b465ee728b)  -> (artifact id: '0fa36722a6cb25f1642b3de0b04b873f') in 0.025628 seconds
  Import took 0.028304 seconds .

========================================================================
Received Import Request.
  Time since last request: 0.000208 seconds.
  path: Assets/Standard Assets/2D/Prefabs/CollisionSlider.prefab
  artifactKey: Guid(2a71c12ae885e4f80b5144a4652bbeb4) Importer(815301076,1909f56bfc062723c751e8b465ee728b)
Start importing Assets/Standard Assets/2D/Prefabs/CollisionSlider.prefab using Guid(2a71c12ae885e4f80b5144a4652bbeb4) Importer(815301076,1909f56bfc062723c751e8b465ee728b)  -> (artifact id: '5c0eed5cb885886b5c41d5623883e4b6') in 0.007529 seconds
  Import took 0.010303 seconds .

========================================================================
Received Import Request.
  Time since last request: 0.000170 seconds.
  path: Assets/Standard Assets/CrossPlatformInput/Prefabs/CarTiltControls.prefab
  artifactKey: Guid(174090ae7f9eff84abe76f0ff062efac) Importer(815301076,1909f56bfc062723c751e8b465ee728b)
Start importing Assets/Standard Assets/CrossPlatformInput/Prefabs/CarTiltControls.prefab using Guid(174090ae7f9eff84abe76f0ff062efac) Importer(815301076,1909f56bfc062723c751e8b465ee728b)  -> (artifact id: '7a3c7aa0b3cbdfb84a3543c369a3759f') in 0.046943 seconds
  Import took 0.049726 seconds .

========================================================================
Received Import Request.
  Time since last request: 0.000199 seconds.
  path: Assets/Standard Assets/ParticleSystems/Prefabs/FireComplex.prefab
  artifactKey: Guid(bf495eacf58e31146ab012aa89ac68da) Importer(815301076,1909f56bfc062723c751e8b465ee728b)
Start importing Assets/Standard Assets/ParticleSystems/Prefabs/FireComplex.prefab using Guid(bf495eacf58e31146ab012aa89ac68da) Importer(815301076,1909f56bfc062723c751e8b465ee728b)  -> (artifact id: '58dcdbcbacda02ba7a823149057254d8') in 0.070756 seconds
  Import took 0.074016 seconds .

========================================================================
Received Import Request.
  Time since last request: 0.000192 seconds.
  path: Assets/Standard Assets/CrossPlatformInput/Prefabs/MobileAircraftControls.prefab
  artifactKey: Guid(3369231b1ed7ad34e84d9240a571db81) Importer(815301076,1909f56bfc062723c751e8b465ee728b)
Start importing Assets/Standard Assets/CrossPlatformInput/Prefabs/MobileAircraftControls.prefab using Guid(3369231b1ed7ad34e84d9240a571db81) Importer(815301076,1909f56bfc062723c751e8b465ee728b)  -> (artifact id: 'be973fe7bdacf9224f74850993b7d294') in 0.047664 seconds
  Import took 0.050693 seconds .

========================================================================
Received Import Request.
  Time since last request: 0.000192 seconds.
  path: Assets/Standard Assets/Environment/SpeedTree/Conifer/Conifer_Desktop_Atlas_Billboards.tga
  artifactKey: Guid(612b65e0cd1576e4bbba0516d756a99d) Importer(815301076,1909f56bfc062723c751e8b465ee728b)
Start importing Assets/Standard Assets/Environment/SpeedTree/Conifer/Conifer_Desktop_Atlas_Billboards.tga using Guid(612b65e0cd1576e4bbba0516d756a99d) Importer(815301076,1909f56bfc062723c751e8b465ee728b)  -> (artifact id: 'be4979f6f3c7d053212b3d1f2fd18861') in 0.022825 seconds
  Import took 0.025579 seconds .

========================================================================
Received Import Request.
  Time since last request: 0.000260 seconds.
  path: Assets/Standard Assets/Effects/LightCookies/Textures/LightHardCookie.psd
  artifactKey: Guid(1167c0a28d11119930004d8a4241aa39) Importer(815301076,1909f56bfc062723c751e8b465ee728b)
Start importing Assets/Standard Assets/Effects/LightCookies/Textures/LightHardCookie.psd using Guid(1167c0a28d11119930004d8a4241aa39) Importer(815301076,1909f56bfc062723c751e8b465ee728b)  -> (artifact id: 'a8dc11bbe5f33562847bd0c4647468d0') in 0.021287 seconds
  Import took 0.024318 seconds .

========================================================================
Received Import Request.
  Time since last request: 0.000218 seconds.
  path: Assets/Standard Assets/Environment/SpeedTree/Conifer/Thumb_Conifer_Desktop.jpg
  artifactKey: Guid(1fbc4e410d66d804aaf31b4c25b16ffc) Importer(815301076,1909f56bfc062723c751e8b465ee728b)
Start importing Assets/Standard Assets/Environment/SpeedTree/Conifer/Thumb_Conifer_Desktop.jpg using Guid(1fbc4e410d66d804aaf31b4c25b16ffc) Importer(815301076,1909f56bfc062723c751e8b465ee728b)  -> (artifact id: 'fd6a64e2ea172605d408143b0ebe4cbf') in 0.019172 seconds
  Import took 0.021973 seconds .

========================================================================
Received Import Request.
  Time since last request: 0.000168 seconds.
  path: Assets/Standard Assets/CrossPlatformInput/Prefabs/DualTouchControls.prefab
  artifactKey: Guid(2169821f0567671499a5c10104c69c24) Importer(815301076,1909f56bfc062723c751e8b465ee728b)
Start importing Assets/Standard Assets/CrossPlatformInput/Prefabs/DualTouchControls.prefab using Guid(2169821f0567671499a5c10104c69c24) Importer(815301076,1909f56bfc062723c751e8b465ee728b)  -> (artifact id: 'aa8792e0de885a5ccad93210caf56c73') in 0.008861 seconds
  Import took 0.011640 seconds .

========================================================================
Received Import Request.
  Time since last request: 0.000168 seconds.
  path: Assets/Standard Assets/Effects/LightCookies/Textures/FlashlightCookie.tif
  artifactKey: Guid(2c29c08dd1c0b6749b7cd0fcff7a29fd) Importer(815301076,1909f56bfc062723c751e8b465ee728b)
Start importing Assets/Standard Assets/Effects/LightCookies/Textures/FlashlightCookie.tif using Guid(2c29c08dd1c0b6749b7cd0fcff7a29fd) Importer(815301076,1909f56bfc062723c751e8b465ee728b)  -> (artifact id: '38923aa5a0934e94450d2812647160d5') in 0.020750 seconds
  Import took 0.023603 seconds .

========================================================================
Received Import Request.
  Time since last request: 0.000188 seconds.
  path: Assets/Standard Assets/Environment/SpeedTree/Conifer/Conifer_Desktop_Atlas_Normal.tga
  artifactKey: Guid(855926cb3532dc14c87b1e6d589334b2) Importer(815301076,1909f56bfc062723c751e8b465ee728b)
Start importing Assets/Standard Assets/Environment/SpeedTree/Conifer/Conifer_Desktop_Atlas_Normal.tga using Guid(855926cb3532dc14c87b1e6d589334b2) Importer(815301076,1909f56bfc062723c751e8b465ee728b)  -> (artifact id: '30f48a5355352c60e2e02db82fc2a63f') in 0.019326 seconds
  Import took 0.022045 seconds .

========================================================================
Received Import Request.
  Time since last request: 0.000160 seconds.
  path: Assets/Standard Assets/Characters/ThirdPersonCharacter/Prefabs/ThirdPersonController.prefab
  artifactKey: Guid(7737647c22c1fc64a88d5cd030c352ce) Importer(815301076,1909f56bfc062723c751e8b465ee728b)
Start importing Assets/Standard Assets/Characters/ThirdPersonCharacter/Prefabs/ThirdPersonController.prefab using Guid(7737647c22c1fc64a88d5cd030c352ce) Importer(815301076,1909f56bfc062723c751e8b465ee728b)  -> (artifact id: '754245e93a654a3f8a258c4a86e2c292') in 0.217724 seconds
  Import took 0.223388 seconds .

========================================================================
Received Import Request.
  Time since last request: 0.000232 seconds.
  path: Assets/SampleScenes/Menu/Prefabs/NetworkScoreBarUI.prefab
  artifactKey: Guid(3da1cd500d4e06d4bb56050e320d9b22) Importer(815301076,1909f56bfc062723c751e8b465ee728b)
Start importing Assets/SampleScenes/Menu/Prefabs/NetworkScoreBarUI.prefab using Guid(3da1cd500d4e06d4bb56050e320d9b22) Importer(815301076,1909f56bfc062723c751e8b465ee728b)  -> (artifact id: 'b187f9a354d078c841a3929c3921f5f4') in 0.015070 seconds
  Import took 0.018173 seconds .

========================================================================
Received Import Request.
  Time since last request: 0.000246 seconds.
  path: Assets/Standard Assets/Characters/FirstPersonCharacter/Prefabs/RigidBodyFPSController.prefab
  artifactKey: Guid(c6453f8e1f814744d8b94e5a6d1f9942) Importer(815301076,1909f56bfc062723c751e8b465ee728b)
Start importing Assets/Standard Assets/Characters/FirstPersonCharacter/Prefabs/RigidBodyFPSController.prefab using Guid(c6453f8e1f814744d8b94e5a6d1f9942) Importer(815301076,1909f56bfc062723c751e8b465ee728b)  -> (artifact id: '55698ea86cede0f8a8ec45ea3a852120') in 0.010067 seconds
  Import took 0.012688 seconds .

========================================================================
Received Import Request.
  Time since last request: 0.000170 seconds.
  path: Assets/Standard Assets/Effects/LightCookies/Textures/LightSquareCookie.psd
  artifactKey: Guid(69680b688d11eb9d30009b3b4241aa39) Importer(815301076,1909f56bfc062723c751e8b465ee728b)
Start importing Assets/Standard Assets/Effects/LightCookies/Textures/LightSquareCookie.psd using Guid(69680b688d11eb9d30009b3b4241aa39) Importer(815301076,1909f56bfc062723c751e8b465ee728b)  -> (artifact id: '366246863980ffd0a30f37b1c1b1e2f3') in 0.018298 seconds
  Import took 0.021360 seconds .

========================================================================
Received Import Request.
  Time since last request: 0.000182 seconds.
  path: Assets/Standard Assets/Environment/SpeedTree/Conifer/Conifer_Needles_Dekstop_Spec.tga
  artifactKey: Guid(897461e3c2fa9d84d8bd48bf1b00a950) Importer(815301076,1909f56bfc062723c751e8b465ee728b)
Start importing Assets/Standard Assets/Environment/SpeedTree/Conifer/Conifer_Needles_Dekstop_Spec.tga using Guid(897461e3c2fa9d84d8bd48bf1b00a950) Importer(815301076,1909f56bfc062723c751e8b465ee728b)  -> (artifact id: '9c1cb37103585f2ce43dd83745d9c784') in 0.018565 seconds
  Import took 0.021830 seconds .

========================================================================
Received Import Request.
  Time since last request: 0.000181 seconds.
  path: Assets/Standard Assets/Environment/SpeedTree/Conifer/Conifer_Needles_Desktop_Normal.tga
  artifactKey: Guid(ab89d7e9dbd9462458ecef029ee60f6e) Importer(815301076,1909f56bfc062723c751e8b465ee728b)
Start importing Assets/Standard Assets/Environment/SpeedTree/Conifer/Conifer_Needles_Desktop_Normal.tga using Guid(ab89d7e9dbd9462458ecef029ee60f6e) Importer(815301076,1909f56bfc062723c751e8b465ee728b)  -> (artifact id: 'cc31e47d0af538433133d950b04bc9c5') in 0.017222 seconds
  Import took 0.019945 seconds .

========================================================================
Received Import Request.
  Time since last request: 0.000171 seconds.
  path: Assets/Standard Assets/Environment/SpeedTree/Conifer/Conifer_Desktop_Atlas_Specular.tga
  artifactKey: Guid(41232aac50fb25a40b390906295f9aa6) Importer(815301076,1909f56bfc062723c751e8b465ee728b)
Start importing Assets/Standard Assets/Environment/SpeedTree/Conifer/Conifer_Desktop_Atlas_Specular.tga using Guid(41232aac50fb25a40b390906295f9aa6) Importer(815301076,1909f56bfc062723c751e8b465ee728b)  -> (artifact id: 'e835a9385db59d219f2d088ecbac6270') in 0.019688 seconds
  Import took 0.022577 seconds .

========================================================================
Received Import Request.
  Time since last request: 0.000164 seconds.
  path: Assets/Standard Assets/Effects/LightCookies/Textures/FlashlightIrregularCookie.tif
  artifactKey: Guid(641bb2dce818a8a499b537a1963889ac) Importer(815301076,1909f56bfc062723c751e8b465ee728b)
Start importing Assets/Standard Assets/Effects/LightCookies/Textures/FlashlightIrregularCookie.tif using Guid(641bb2dce818a8a499b537a1963889ac) Importer(815301076,1909f56bfc062723c751e8b465ee728b)  -> (artifact id: '73c3e92828b7c002603b403e589f937a') in 0.018566 seconds
  Import took 0.021871 seconds .

========================================================================
Received Import Request.
  Time since last request: 0.000177 seconds.
  path: Assets/Standard Assets/Environment/SpeedTree/Conifer/Conifer_Desktop_Atlas_Billboards_Normal.tga
  artifactKey: Guid(6c2afc8a038f69f4aa35c25dcd94fd55) Importer(815301076,1909f56bfc062723c751e8b465ee728b)
Start importing Assets/Standard Assets/Environment/SpeedTree/Conifer/Conifer_Desktop_Atlas_Billboards_Normal.tga using Guid(6c2afc8a038f69f4aa35c25dcd94fd55) Importer(815301076,1909f56bfc062723c751e8b465ee728b)  -> (artifact id: 'd249b5c36146afbb8aeb38681d577370') in 0.019348 seconds
  Import took 0.022244 seconds .

========================================================================
Received Import Request.
  Time since last request: 0.000176 seconds.
  path: Assets/Standard Assets/CrossPlatformInput/Prefabs/MobileSingleStickControl.prefab
  artifactKey: Guid(9529ecc3d479da5499993355e6c2cb4f) Importer(815301076,1909f56bfc062723c751e8b465ee728b)
Start importing Assets/Standard Assets/CrossPlatformInput/Prefabs/MobileSingleStickControl.prefab using Guid(9529ecc3d479da5499993355e6c2cb4f) Importer(815301076,1909f56bfc062723c751e8b465ee728b)  -> (artifact id: '45f41688b54ef9736ad52033664d4cdd') in 0.015131 seconds
  Import took 0.018315 seconds .

========================================================================
Received Import Request.
  Time since last request: 0.000236 seconds.
  path: Assets/Standard Assets/Environment/SpeedTree/Conifer/Conifer_Needles_Desktop.tga
  artifactKey: Guid(34d2758af9e0a2b4690fbcfcad0285d6) Importer(815301076,1909f56bfc062723c751e8b465ee728b)
Start importing Assets/Standard Assets/Environment/SpeedTree/Conifer/Conifer_Needles_Desktop.tga using Guid(34d2758af9e0a2b4690fbcfcad0285d6) Importer(815301076,1909f56bfc062723c751e8b465ee728b)  -> (artifact id: 'c6f9337e123e6dfa74c59e4e437b3ef6') in 0.019620 seconds
  Import took 0.022336 seconds .

========================================================================
Received Import Request.
  Time since last request: 0.000209 seconds.
  path: Assets/Standard Assets/Characters/ThirdPersonCharacter/Prefabs/AIThirdPersonController.prefab
  artifactKey: Guid(54eb5844754051b40a918a84c33b7c1a) Importer(815301076,1909f56bfc062723c751e8b465ee728b)
Start importing Assets/Standard Assets/Characters/ThirdPersonCharacter/Prefabs/AIThirdPersonController.prefab using Guid(54eb5844754051b40a918a84c33b7c1a) Importer(815301076,1909f56bfc062723c751e8b465ee728b)  -> (artifact id: 'ed916e7c32cff6ee7dd6cca653f231c3') in 0.063243 seconds
  Import took 0.068663 seconds .

========================================================================
Received Import Request.
  Time since last request: 6.819579 seconds.
  path: Assets/OS_Environment/Modular sci-fi dungeon A/Prefabs/Wall_Base_A.prefab
  artifactKey: Guid(d13a9ab53ad5f8b4bb01fbd6e126335b) Importer(815301076,1909f56bfc062723c751e8b465ee728b)
Start importing Assets/OS_Environment/Modular sci-fi dungeon A/Prefabs/Wall_Base_A.prefab using Guid(d13a9ab53ad5f8b4bb01fbd6e126335b) Importer(815301076,1909f56bfc062723c751e8b465ee728b)  -> (artifact id: '77de1a535cdee4e56ec5bd6bf9553d19') in 0.010783 seconds
  Import took 0.013525 seconds .

========================================================================
Received Import Request.
  Time since last request: 0.000152 seconds.
  path: Assets/OS_Environment/Modular sci-fi dungeon A/Prefabs/Wall_Base_B.prefab
  artifactKey: Guid(bb41edc076cff54469d54644e95cdb6c) Importer(815301076,1909f56bfc062723c751e8b465ee728b)
Start importing Assets/OS_Environment/Modular sci-fi dungeon A/Prefabs/Wall_Base_B.prefab using Guid(bb41edc076cff54469d54644e95cdb6c) Importer(815301076,1909f56bfc062723c751e8b465ee728b)  -> (artifact id: '0473c16c8af8b94316f9f6077b4187f8') in 0.006078 seconds
  Import took 0.007914 seconds .

========================================================================
Received Import Request.
  Time since last request: 0.000168 seconds.
  path: Assets/OS_Environment/Modular sci-fi dungeon A/Prefabs/Wall_Base_Win_A.prefab
  artifactKey: Guid(5ed7961851f74e242a0260333116b27e) Importer(815301076,1909f56bfc062723c751e8b465ee728b)
Start importing Assets/OS_Environment/Modular sci-fi dungeon A/Prefabs/Wall_Base_Win_A.prefab using Guid(5ed7961851f74e242a0260333116b27e) Importer(815301076,1909f56bfc062723c751e8b465ee728b)  -> (artifact id: 'dab7df11c5fa9844df2cd8f83d633eef') in 0.007135 seconds
  Import took 0.009777 seconds .

========================================================================
Received Prepare
Refreshing native plugins compatible for Editor in 0.96 ms, found 0 plugins.
Preloading 0 native plugins for Editor in 0.00 ms.
Unloading 6 Unused Serialized files (Serialized files now loaded: 0)
System memory in use before: 76.1 MB.
System memory in use after: 75.9 MB.

Unloading 7 unused Assets to reduce memory usage. Loaded Objects now: 2100.
Total: 2.469400 ms (FindLiveObjects: 0.239100 ms CreateObjectMapping: 0.041200 ms MarkObjects: 1.877100 ms  DeleteObjects: 0.311300 ms)

AssetImportWorkerClient::OnTransportError - code=2 error=End of file
